<?xml version="1.0" encoding="UTF-8"?>
<!-- Generated by org.testng.reporters.JUnitXMLReporter -->
<testsuite hostname="DESKTOP-QR376SE" ignored="0" name="Default test" tests="15" failures="0" timestamp="2020-09-23T16:10:32 IST" time="57.392" errors="0">
  <testcase name="Task1" time="0.48" classname="com.sns.org.Test2"/>
  <testcase name="Task2" time="1.647" classname="com.sns.org.Test2"/>
  <testcase name="Task3" time="0.638" classname="com.sns.org.Test2"/>
  <testcase name="Task4" time="0.552" classname="com.sns.org.Test2"/>
  <testcase name="Task5" time="8.653" classname="com.sns.org.Test2"/>
  <testcase name="Task6" time="2.787" classname="com.sns.org.Test2"/>
  <testcase name="Task7" time="6.536" classname="com.sns.org.Test2"/>
  <testcase name="Task8" time="3.114" classname="com.sns.org.Test2"/>
  <testcase name="Task9" time="2.04" classname="com.sns.org.Test2"/>
  <testcase name="Task10" time="0.771" classname="com.sns.org.Test2"/>
  <testcase name="Task11" time="0.497" classname="com.sns.org.Test2"/>
  <testcase name="Task12" time="1.121" classname="com.sns.org.Test2"/>
  <testcase name="Task13" time="5.265" classname="com.sns.org.Test2"/>
  <testcase name="Task14" time="0.95" classname="com.sns.org.Test2"/>
  <testcase name="Test15" time="3.865" classname="com.sns.org.Test2"/>
</testsuite> <!-- Default test -->
