<?xml version="1.0" encoding="UTF-8"?>
<testng-results skipped="0" failed="0" ignored="0" total="15" passed="15">
  <reporter-output>
  </reporter-output>
  <suite name="Suite" duration-ms="59561" started-at="2020-09-23T17:42:47 IST" finished-at="2020-09-23T17:43:47 IST">
    <groups>
    </groups>
    <test name="Test" duration-ms="59561" started-at="2020-09-23T17:42:47 IST" finished-at="2020-09-23T17:43:47 IST">
      <class name="com.sns.org.Test2">
        <test-method status="PASS" signature="Openclass()[pri:0, instance:com.sns.org.Test2@74a10858]" name="Openclass" is-config="true" duration-ms="19222" started-at="2020-09-23T17:42:47 IST" finished-at="2020-09-23T17:43:07 IST">
          <reporter-output>
          </reporter-output>
        </test-method> <!-- Openclass -->
        <test-method status="PASS" signature="Task1()[pri:1, instance:com.sns.org.Test2@74a10858]" name="Task1" duration-ms="415" started-at="2020-09-23T17:43:07 IST" finished-at="2020-09-23T17:43:07 IST">
          <reporter-output>
          </reporter-output>
        </test-method> <!-- Task1 -->
        <test-method status="PASS" signature="Task2()[pri:2, instance:com.sns.org.Test2@74a10858]" name="Task2" duration-ms="1661" started-at="2020-09-23T17:43:07 IST" finished-at="2020-09-23T17:43:09 IST">
          <reporter-output>
          </reporter-output>
        </test-method> <!-- Task2 -->
        <test-method status="PASS" signature="Task3()[pri:3, instance:com.sns.org.Test2@74a10858]" name="Task3" duration-ms="635" started-at="2020-09-23T17:43:09 IST" finished-at="2020-09-23T17:43:09 IST">
          <reporter-output>
          </reporter-output>
        </test-method> <!-- Task3 -->
        <test-method status="PASS" signature="Task4()[pri:4, instance:com.sns.org.Test2@74a10858]" name="Task4" duration-ms="651" started-at="2020-09-23T17:43:09 IST" finished-at="2020-09-23T17:43:10 IST">
          <reporter-output>
          </reporter-output>
        </test-method> <!-- Task4 -->
        <test-method status="PASS" signature="Task5()[pri:5, instance:com.sns.org.Test2@74a10858]" name="Task5" duration-ms="8900" started-at="2020-09-23T17:43:10 IST" finished-at="2020-09-23T17:43:19 IST">
          <reporter-output>
          </reporter-output>
        </test-method> <!-- Task5 -->
        <test-method status="PASS" signature="Task6()[pri:6, instance:com.sns.org.Test2@74a10858]" name="Task6" duration-ms="2828" started-at="2020-09-23T17:43:19 IST" finished-at="2020-09-23T17:43:22 IST">
          <reporter-output>
          </reporter-output>
        </test-method> <!-- Task6 -->
        <test-method status="PASS" signature="Task7()[pri:7, instance:com.sns.org.Test2@74a10858]" name="Task7" duration-ms="5442" started-at="2020-09-23T17:43:22 IST" finished-at="2020-09-23T17:43:27 IST">
          <reporter-output>
          </reporter-output>
        </test-method> <!-- Task7 -->
        <test-method status="PASS" signature="Task8()[pri:8, instance:com.sns.org.Test2@74a10858]" name="Task8" duration-ms="2655" started-at="2020-09-23T17:43:27 IST" finished-at="2020-09-23T17:43:30 IST">
          <reporter-output>
          </reporter-output>
        </test-method> <!-- Task8 -->
        <test-method status="PASS" signature="Task9()[pri:9, instance:com.sns.org.Test2@74a10858]" name="Task9" duration-ms="2326" started-at="2020-09-23T17:43:30 IST" finished-at="2020-09-23T17:43:32 IST">
          <reporter-output>
          </reporter-output>
        </test-method> <!-- Task9 -->
        <test-method status="PASS" signature="Task10()[pri:10, instance:com.sns.org.Test2@74a10858]" name="Task10" duration-ms="401" started-at="2020-09-23T17:43:32 IST" finished-at="2020-09-23T17:43:33 IST">
          <reporter-output>
          </reporter-output>
        </test-method> <!-- Task10 -->
        <test-method status="PASS" signature="Task11()[pri:11, instance:com.sns.org.Test2@74a10858]" name="Task11" duration-ms="486" started-at="2020-09-23T17:43:33 IST" finished-at="2020-09-23T17:43:33 IST">
          <reporter-output>
          </reporter-output>
        </test-method> <!-- Task11 -->
        <test-method status="PASS" signature="Task12()[pri:12, instance:com.sns.org.Test2@74a10858]" name="Task12" duration-ms="816" started-at="2020-09-23T17:43:33 IST" finished-at="2020-09-23T17:43:34 IST">
          <reporter-output>
          </reporter-output>
        </test-method> <!-- Task12 -->
        <test-method status="PASS" signature="Task13()[pri:13, instance:com.sns.org.Test2@74a10858]" name="Task13" duration-ms="4972" started-at="2020-09-23T17:43:34 IST" finished-at="2020-09-23T17:43:39 IST">
          <reporter-output>
          </reporter-output>
        </test-method> <!-- Task13 -->
        <test-method status="PASS" signature="Task14()[pri:14, instance:com.sns.org.Test2@74a10858]" name="Task14" duration-ms="3951" started-at="2020-09-23T17:43:39 IST" finished-at="2020-09-23T17:43:43 IST">
          <reporter-output>
          </reporter-output>
        </test-method> <!-- Task14 -->
        <test-method status="PASS" signature="Test15()[pri:15, instance:com.sns.org.Test2@74a10858]" name="Test15" duration-ms="2798" started-at="2020-09-23T17:43:43 IST" finished-at="2020-09-23T17:43:46 IST">
          <reporter-output>
          </reporter-output>
        </test-method> <!-- Test15 -->
        <test-method status="PASS" signature="CloseClass()[pri:0, instance:com.sns.org.Test2@74a10858]" name="CloseClass" is-config="true" duration-ms="1218" started-at="2020-09-23T17:43:46 IST" finished-at="2020-09-23T17:43:47 IST">
          <reporter-output>
          </reporter-output>
        </test-method> <!-- CloseClass -->
      </class> <!-- com.sns.org.Test2 -->
    </test> <!-- Test -->
  </suite> <!-- Suite -->
</testng-results>
